2022-08-17 14:32:38 - injector - 103968 - INFO : Inject from C:\Users\Administrator\Cap1 -> D:\temp\prj1
2022-08-17 14:32:38 - injector - 103968 - INFO : 	C:\Users\Administrator\Cap1\Assets/GameFramework -> D:\temp\prj1\Assets/GameFramework
2022-08-17 14:32:38 - injector - 103968 - INFO : 	C:\Users\Administrator\Cap1\Assets/GameMain -> D:\temp\prj1\Assets/GameMain
2022-08-17 14:34:06 - injector - 32784 - INFO : Inject from C:\Users\Administrator\Cap1 -> D:\temp\prj1
2022-08-17 14:34:06 - injector - 32784 - INFO : 	C:\Users\Administrator\Cap1\Assets/GameFramework -> D:\temp\prj1\Assets/GameFramework
2022-08-17 14:34:21 - injector - 39068 - INFO : Inject from C:\Users\Administrator\Cap1 -> D:\temp\prj1
2022-08-17 14:34:21 - injector - 39068 - INFO : 	C:\Users\Administrator\Cap1\Assets/GameFramework -> D:\temp\prj1\Assets/GameFramework
2022-08-17 14:34:22 - injector - 39068 - INFO : 	C:\Users\Administrator\Cap1\Assets/GameMain -> D:\temp\prj1\Assets/GameMain
2022-08-17 14:41:42 - injector - 32580 - ERROR : Command line format: python injector.py <src project path> <dst project path>
2022-08-17 14:50:10 - injector - 106116 - INFO : Inject from C:\Users\Administrator\Cap1 -> D:\temp\prj1
2022-08-17 14:50:10 - injector - 106116 - INFO : 	C:\Users\Administrator\Cap1\Assets/GameFramework -> D:\temp\prj1\Assets/GameFramework
2022-08-17 14:51:38 - injector - 40880 - INFO : Inject from C:\Users\Administrator\Cap1 -> D:\temp\prj1
2022-08-17 14:51:38 - injector - 40880 - INFO : 	C:\Users\Administrator\Cap1\Assets/GameFramework -> D:\temp\prj1\Assets/GameFramework
2022-08-17 14:51:46 - injector - 108372 - INFO : Inject from C:\Users\Administrator\Cap1 -> D:\temp\prj1
2022-08-17 14:51:46 - injector - 108372 - INFO : 	C:\Users\Administrator\Cap1\Assets/GameFramework -> D:\temp\prj1\Assets/GameFramework
2022-08-17 14:52:02 - injector - 63244 - INFO : Inject from C:\Users\Administrator\Cap1 -> D:\temp\prj1
2022-08-17 14:52:02 - injector - 63244 - INFO : 	C:\Users\Administrator\Cap1\Assets/GameFramework -> D:\temp\prj1\Assets/GameFramework
2022-08-17 14:52:11 - injector - 109340 - INFO : Inject from C:\Users\Administrator\Cap1 -> D:\temp\prj1
2022-08-17 14:52:11 - injector - 109340 - INFO : 	C:\Users\Administrator\Cap1\Assets/GameFramework -> D:\temp\prj1\Assets/GameFramework
2022-08-17 14:52:36 - injector - 83176 - INFO : Inject from C:\Users\Administrator\Cap1 -> D:\temp\prj1
2022-08-17 14:52:36 - injector - 83176 - INFO : 	C:\Users\Administrator\Cap1\Assets/GameFramework -> D:\temp\prj1\Assets/GameFramework
2022-08-17 14:52:49 - injector - 107900 - INFO : Inject from C:\Users\Administrator\Cap1 -> D:\temp\prj1
2022-08-17 14:52:49 - injector - 107900 - INFO : 	C:\Users\Administrator\Cap1\Assets/GameFramework -> D:\temp\prj1\Assets/GameFramework
2022-08-17 14:53:17 - injector - 93812 - INFO : Inject from C:\Users\Administrator\Cap1 -> D:\temp\prj1
2022-08-17 14:53:17 - injector - 93812 - INFO : 	C:\Users\Administrator\Cap1\Assets/GameFramework -> D:\temp\prj1\Assets/GameFramework
2022-08-17 17:00:44 - injector - 83412 - INFO : Inject from C:\Users\Administrator\Cap1 -> D:\temp\prj1
2022-08-17 17:00:44 - injector - 83412 - INFO : 	C:\Users\Administrator\Cap1\Assets/GameFramework -> D:\temp\prj1\Assets/GameFramework
2022-08-17 17:00:44 - injector - 83412 - INFO : 	C:\Users\Administrator\Cap1\Assets/GameMain -> D:\temp\prj1\Assets/GameMain
2022-08-17 17:00:45 - injector - 83412 - INFO : 	C:\Users\Administrator\Cap1\Assets/Game Launcher.unity -> D:\temp\prj1\Assets/Game Launcher.unity
2022-08-17 17:00:45 - injector - 83412 - INFO : 	C:\Users\Administrator\Cap1\ProjectSettings/EditorBuildSettings.asset -> D:\temp\prj1\ProjectSettings/EditorBuildSettings.asset
2022-08-17 17:02:46 - injector - 21520 - INFO : Inject from C:\Users\Administrator\Cap1 -> D:\temp\prj1
2022-08-17 17:02:46 - injector - 21520 - INFO : 	C:\Users\Administrator\Cap1\Assets/GameFramework -> D:\temp\prj1\Assets/GameFramework
2022-08-17 17:02:47 - injector - 21520 - INFO : 	C:\Users\Administrator\Cap1\Assets/GameMain -> D:\temp\prj1\Assets/GameMain
2022-08-17 17:02:48 - injector - 21520 - INFO : 	C:\Users\Administrator\Cap1\Assets/Game Launcher.unity -> D:\temp\prj1\Assets/Game Launcher.unity
2022-08-17 17:02:48 - injector - 21520 - INFO : 	C:\Users\Administrator\Cap1\ProjectSettings/EditorBuildSettings.asset -> D:\temp\prj1\ProjectSettings/EditorBuildSettings.asset
2022-08-17 17:02:48 - injector - 21520 - INFO : 	C:\Users\Administrator\Cap1\Assets/StreamingAssets/.gitkeep -> D:\temp\prj1\Assets/StreamingAssets/.gitkeep
